<?xml version="1.0" encoding="UTF-8"?>
<testsuite xmlns:xsi="http://www.w3.org/2001/XMLSchema-instance" xsi:noNamespaceSchemaLocation="https://maven.apache.org/surefire/maven-surefire-plugin/xsd/surefire-test-report-3.0.xsd" version="3.0" name="com.example.mytemperature.MytemperatureApplicationTests" time="5.701" tests="1" errors="0" skipped="0" failures="0">
  <properties>
[...]
</properties>
  <testcase name="contextLoads" classname="com.example.mytemperature.MytemperatureApplicationTests" time="0.938">
    <system-out><![CDATA[16:15:36.566 [main] INFO org.springframework.test.context.support.AnnotationConfigContextLoaderUtils -- Could not detect default configuration classes for test class [com.example.mytemperature.MytemperatureApplicationTests]: MytemperatureApplicationTests does not declare any static, non-private, non-final, nested classes annotated with @Configuration.
16:15:36.683 [main] INFO org.springframework.boot.test.context.SpringBootTestContextBootstrapper -- Found @SpringBootConfiguration com.example.mytemperature.MytemperatureApplication for test class com.example.mytemperature.MytemperatureApplicationTests

  .   ____          _            __ _ _
 /\\ / ___'_ __ _ _(_)_ __  __ _ \ \ \ \
( ( )\___ | '_ | '_| | '_ \/ _` | \ \ \ \
 \\/  ___)| |_)| | | | | || (_| |  ) ) ) )
  '  |____| .__|_| |_|_| |_\__, | / / / /
 =========|_|==============|___/=/_/_/_/

 :: Spring Boot ::                (v3.3.2)

2024-08-19T16:15:37.166+02:00  INFO 21504 --- [mytemperature] [           main] c.e.m.MytemperatureApplicationTests      : Starting MytemperatureApplicationTests using Java 20.0.2 with PID 21504 (started by paul-chanda in /home/paul-chanda/Downloads/mytemperature)
2024-08-19T16:15:37.168+02:00  INFO 21504 --- [mytemperature] [           main] c.e.m.MytemperatureApplicationTests      : No active profile set, falling back to 1 default profile: "default"
2024-08-19T16:15:37.907+02:00  INFO 21504 --- [mytemperature] [           main] .s.d.r.c.RepositoryConfigurationDelegate : Bootstrapping Spring Data JPA repositories in DEFAULT mode.
2024-08-19T16:15:37.970+02:00  INFO 21504 --- [mytemperature] [           main] .s.d.r.c.RepositoryConfigurationDelegate : Finished Spring Data repository scanning in 53 ms. Found 1 JPA repository interface.
2024-08-19T16:15:38.381+02:00  INFO 21504 --- [mytemperature] [           main] com.zaxxer.hikari.HikariDataSource       : HikariPool-1 - Starting...
2024-08-19T16:15:38.640+02:00  INFO 21504 --- [mytemperature] [           main] com.zaxxer.hikari.pool.HikariPool        : HikariPool-1 - Added connection conn0: url=jdbc:h2:mem:8fbb15b0-703c-4cfb-8aca-6ee859dddbc5 user=SA
2024-08-19T16:15:38.642+02:00  INFO 21504 --- [mytemperature] [           main] com.zaxxer.hikari.HikariDataSource       : HikariPool-1 - Start completed.
2024-08-19T16:15:38.691+02:00  INFO 21504 --- [mytemperature] [           main] o.hibernate.jpa.internal.util.LogHelper  : HHH000204: Processing PersistenceUnitInfo [name: default]
2024-08-19T16:15:38.753+02:00  INFO 21504 --- [mytemperature] [           main] org.hibernate.Version                    : HHH000412: Hibernate ORM core version 6.5.2.Final
2024-08-19T16:15:38.790+02:00  INFO 21504 --- [mytemperature] [           main] o.h.c.internal.RegionFactoryInitiator    : HHH000026: Second-level cache disabled
2024-08-19T16:15:39.192+02:00  INFO 21504 --- [mytemperature] [           main] o.s.o.j.p.SpringPersistenceUnitInfo      : No LoadTimeWeaver setup: ignoring JPA class transformer
2024-08-19T16:15:40.142+02:00  INFO 21504 --- [mytemperature] [           main] o.h.e.t.j.p.i.JtaPlatformInitiator       : HHH000489: No JTA platform available (set 'hibernate.transaction.jta.platform' to enable JTA platform integration)
2024-08-19T16:15:40.179+02:00  INFO 21504 --- [mytemperature] [           main] j.LocalContainerEntityManagerFactoryBean : Initialized JPA EntityManagerFactory for persistence unit 'default'
2024-08-19T16:15:40.680+02:00  WARN 21504 --- [mytemperature] [           main] JpaBaseConfiguration$JpaWebConfiguration : spring.jpa.open-in-view is enabled by default. Therefore, database queries may be performed during view rendering. Explicitly configure spring.jpa.open-in-view to disable this warning
2024-08-19T16:15:41.119+02:00  INFO 21504 --- [mytemperature] [           main] c.e.m.MytemperatureApplicationTests      : Started MytemperatureApplicationTests in 4.256 seconds (process running for 9.602)
]]></system-out>
  </testcase>
</testsuite>